
Showing logs for build [32mcb-kubecd-bdd-gh-1576586907-pr-sw2m7-1[0m stage [32mfrom-build-pack[0m and container [32mstep-credential-initializer-cvqz7[0m
{"level":"warn","ts":1576587488.8789752,"logger":"fallback-logger","caller":"logging/config.go:69","msg":"Fetch GitHub commit ID from kodata failed: \"ref: refs/heads/master\" is not a valid GitHub commit ID"}
{"level":"info","ts":1576587488.880574,"logger":"fallback-logger","caller":"creds-init/main.go:40","msg":"Credentials initialized."}

Showing logs for build [32mcb-kubecd-bdd-gh-1576586907-pr-sw2m7-1[0m stage [32mfrom-build-pack[0m and container [32mstep-working-dir-initializer-h57cs[0m
{"level":"warn","ts":1576587490.113888,"logger":"fallback-logger","caller":"logging/config.go:69","msg":"Fetch GitHub commit ID from kodata failed: open /var/run/ko/HEAD: no such file or directory"}
{"level":"info","ts":1576587490.1186578,"logger":"fallback-logger","caller":"bash/main.go:65","msg":"Successfully executed command \"mkdir -p /workspace/source\""}

Showing logs for build [32mcb-kubecd-bdd-gh-1576586907-pr-sw2m7-1[0m stage [32mfrom-build-pack[0m and container [32mstep-place-tools[0m

Showing logs for build [32mcb-kubecd-bdd-gh-1576586907-pr-sw2m7-1[0m stage [32mfrom-build-pack[0m and container [32mstep-git-source-cb-kubecd-bdd-gh-1576586907-pr-pnprv[0m
{"level":"warn","ts":1576587496.1701183,"logger":"fallback-logger","caller":"logging/config.go:69","msg":"Fetch GitHub commit ID from kodata failed: \"ref: refs/heads/master\" is not a valid GitHub commit ID"}
{"level":"info","ts":1576587497.3533676,"logger":"fallback-logger","caller":"git/git.go:102","msg":"Successfully cloned https://github.com/cb-kubecd/bdd-gh-1576586907.git @ master in path /workspace/source"}

Showing logs for build [32mcb-kubecd-bdd-gh-1576586907-pr-sw2m7-1[0m stage [32mfrom-build-pack[0m and container [32mstep-git-merge[0m
Using SHAs from PULL_REFS=master:902f74ad973e5e4d28f4de500b16e7cbc752b4d6,1:d3dc6a9ec86269b0744ae7ad583ac550d6fb8908
DEBUG: ran git fetch --unshallow origin d3dc6a9ec86269b0744ae7ad583ac550d6fb8908: 902f74ad973e5e4d28f4de500b16e7cbc752b4d6: in 
DEBUG: ran git checkout master in 
DEBUG: ran git reset --hard 902f74ad973e5e4d28f4de500b16e7cbc752b4d6 in 
DEBUG: ran clean --force -d . in 
DEBUG: ran git merge d3dc6a9ec86269b0744ae7ad583ac550d6fb8908 in 
Merged SHA d3dc6a9ec86269b0744ae7ad583ac550d6fb8908 with commit message 'My first PR commit' into base branch master

Showing logs for build [32mcb-kubecd-bdd-gh-1576586907-pr-sw2m7-1[0m stage [32mfrom-build-pack[0m and container [32mstep-build-make-linux[0m
CGO_ENABLED=0 GOOS=linux GOARCH=amd64 GO15VENDOREXPERIMENT=1 go build -ldflags '' -o bin/bdd-gh-1576586907 main.go

Showing logs for build [32mcb-kubecd-bdd-gh-1576586907-pr-sw2m7-1[0m stage [32mfrom-build-pack[0m and container [32mstep-build-container-build[0m
[36mINFO[0m[0000] No base image, nothing to extract            
[36mINFO[0m[0000] cmd: EXPOSE                                  
[36mINFO[0m[0000] Adding exposed port: 8080/tcp                
[36mINFO[0m[0000] Using files from context: [/workspace/source/bin] 
[36mINFO[0m[0000] Skipping unpacking as no commands require it. 
[36mINFO[0m[0000] Taking snapshot of full filesystem...        
[36mINFO[0m[0000] EXPOSE 8080                                  
[36mINFO[0m[0000] cmd: EXPOSE                                  
[36mINFO[0m[0000] Adding exposed port: 8080/tcp                
[36mINFO[0m[0000] No files changed in this command, skipping snapshotting. 
[36mINFO[0m[0000] ENTRYPOINT ["/bdd-gh-1576586907"]            
[36mINFO[0m[0000] No files changed in this command, skipping snapshotting. 
[36mINFO[0m[0000] Using files from context: [/workspace/source/bin] 
[36mINFO[0m[0000] COPY ./bin/ /                                
[36mINFO[0m[0000] Taking snapshot of files...                  
2019/12/17 12:58:35 pushed blob: sha256:ccb35f4c4e2b0e4602a1a8c5367238b9dd72ab7a9bdb4d97a452c3976b4e111f
2019/12/17 12:58:36 pushed blob: sha256:9ea83aa593ddafd8ffadc1927f63e7f9f6fa78aa60368433a8525d30bd3370ba
2019/12/17 12:58:37 gcr.io/jenkins-x-bdd3/bdd-gh-1576586907:0.0.0-SNAPSHOT-PR-1-1: digest: sha256:cc6a211e5ecfb3163466543966eb0e1f950db25ab698b03a8362d4e6b1ea966e size: 428

Showing logs for build [32mcb-kubecd-bdd-gh-1576586907-pr-sw2m7-1[0m stage [32mfrom-build-pack[0m and container [32mstep-postbuild-post-build[0m
no CVE provider running in the current ** namespace so skip adding image to be analysed

Showing logs for build [32mcb-kubecd-bdd-gh-1576586907-pr-sw2m7-1[0m stage [32mfrom-build-pack[0m and container [32mstep-promote-make-preview[0m
sed -i -e "s/version:.*/version: 0.0.0-SNAPSHOT-PR-1-1/" Chart.yaml
sed -i -e "s/version:.*/version: 0.0.0-SNAPSHOT-PR-1-1/" ../*/Chart.yaml
sed -i -e "s|repository:.*|repository: gcr.io\/jenkins-x-bdd3\/bdd-gh-1576586907|" values.yaml
sed -i -e "s/tag:.*/tag: 0.0.0-SNAPSHOT-PR-1-1/" values.yaml
echo "  version: 0.0.0-SNAPSHOT-PR-1-1" >> requirements.yaml
** step helm build
WARNING: No $CHART_REPOSITORY defined so using the default value of: http://jenkins-x-chartmuseum:8080
Adding missing Helm repo: storage.googleapis.com https://storage.googleapis.com/chartmuseum.jenkins-x.io
WARNING: No secrets found on "helm/repos" due: reading the secret "helm/repos" from vault: no secret "helm/repos" not found in vault
Read credentials for https://storage.googleapis.com/chartmuseum.jenkins-x.io from vault helm/repos
Successfully added Helm repository storage.googleapis.com.
Adding missing Helm repo: jenkins-x-chartmuseum http://jenkins-x-chartmuseum:8080
WARNING: No secrets found on "helm/repos" due: reading the secret "helm/repos" from vault: no secret "helm/repos" not found in vault
Read credentials for http://jenkins-x-chartmuseum:8080 from vault helm/repos
Successfully added Helm repository jenkins-x-chartmuseum.
WARNING: No $CHART_REPOSITORY defined so using the default value of: http://jenkins-x-chartmuseum:8080
Adding missing Helm repo: chartmuseum.jenkins-x.io http://chartmuseum.jenkins-x.io
WARNING: No secrets found on "helm/repos" due: reading the secret "helm/repos" from vault: no secret "helm/repos" not found in vault
Read credentials for http://chartmuseum.jenkins-x.io from vault helm/repos
Successfully added Helm repository chartmuseum.jenkins-x.io.

Showing logs for build [32mcb-kubecd-bdd-gh-1576586907-pr-sw2m7-1[0m stage [32mfrom-build-pack[0m and container [32mstep-promote-jx-preview[0m
Creating a preview
Created environment cb-kubecd-bdd-gh-1576586907-pr-1
Namespace **-cb-kubecd-bdd-gh-1576586907-pr-1 created 
expose:
  Annotations:
    helm.sh/hook: post-install,post-upgrade
    helm.sh/hook-delete-policy: hook-succeeded
  config:
    domain: 35.240.48.200.nip.io
    exposer: Ingress
    http: "true"
preview:
  image:
    repository: gcr.io/jenkins-x-bdd3/bdd-gh-1576586907
    tag: 0.0.0-SNAPSHOT-PR-1-1


Updating PipelineActivities cb-kubecd-bdd-gh-1576586907-pr-1-1 which has status Running
Preview application is now available at: http://bdd-gh-1576586907.**-cb-kubecd-bdd-gh-1576586907-pr-1.35.240.48.200.nip.io
